# JRE version: OpenJDK Runtime Environment (8.0_242-b01) (build 1.8.0_242-release-1644-b01)
# Java VM: OpenJDK 64-Bit Server VM (25.242-b01 mixed mode windows-amd64 compressed oops)
Heap:
 PSYoungGen      total 644096K, used 539804K [0x00000000d5580000, 0x00000000fff00000, 0x0000000100000000)
  eden space 592384K, 89% used [0x00000000d5580000,0x00000000f5b0e140,0x00000000f9800000)
  from space 51712K, 19% used [0x00000000fcc80000,0x00000000fd619178,0x00000000fff00000)
  to   space 52736K, 0% used [0x00000000f9800000,0x00000000f9800000,0x00000000fcb80000)
 ParOldGen       total 348160K, used 77805K [0x0000000080000000, 0x0000000095400000, 0x00000000d5580000)
  object space 348160K, 22% used [0x0000000080000000,0x0000000084bfb7e0,0x0000000095400000)
 Metaspace       used 113882K, capacity 119212K, committed 119448K, reserved 1153024K
  class space    used 14450K, capacity 15522K, committed 15536K, reserved 1048576K
GC Heap History (10 events):
Event: 205.338 GC heap before
{Heap before GC invocations=32 (full 4):
 PSYoungGen      total 554496K, used 529868K [0x00000000d5580000, 0x00000000ffb80000, 0x0000000100000000)
  eden space 498688K, 100% used [0x00000000d5580000,0x00000000f3c80000,0x00000000f3c80000)
  from space 55808K, 55% used [0x00000000f3c80000,0x00000000f5af3218,0x00000000f7300000)
  to   space 55296K, 0% used [0x00000000fc580000,0x00000000fc580000,0x00000000ffb80000)
 ParOldGen       total 348160K, used 64035K [0x0000000080000000, 0x0000000095400000, 0x00000000d5580000)
  object space 348160K, 18% used [0x0000000080000000,0x0000000083e88df0,0x0000000095400000)
 Metaspace       used 110971K, capacity 116054K, committed 116376K, reserved 1150976K
  class space    used 14137K, capacity 15161K, committed 15280K, reserved 1048576K
Event: 205.441 GC heap after
Heap after GC invocations=32 (full 4):
 PSYoungGen      total 637952K, used 35826K [0x00000000d5580000, 0x0000000100000000, 0x0000000100000000)
  eden space 582656K, 0% used [0x00000000d5580000,0x00000000d5580000,0x00000000f8e80000)
  from space 55296K, 64% used [0x00000000fc580000,0x00000000fe87c8c0,0x00000000ffb80000)
  to   space 56320K, 0% used [0x00000000f8e80000,0x00000000f8e80000,0x00000000fc580000)
 ParOldGen       total 348160K, used 64035K [0x0000000080000000, 0x0000000095400000, 0x00000000d5580000)
  object space 348160K, 18% used [0x0000000080000000,0x0000000083e88df0,0x0000000095400000)
 Metaspace       used 110971K, capacity 116054K, committed 116376K, reserved 1150976K
  class space    used 14137K, capacity 15161K, committed 15280K, reserved 1048576K
}
Event: 206.803 GC heap before
{Heap before GC invocations=33 (full 4):
 PSYoungGen      total 637952K, used 618482K [0x00000000d5580000, 0x0000000100000000, 0x0000000100000000)
  eden space 582656K, 100% used [0x00000000d5580000,0x00000000f8e80000,0x00000000f8e80000)
  from space 55296K, 64% used [0x00000000fc580000,0x00000000fe87c8c0,0x00000000ffb80000)
  to   space 56320K, 0% used [0x00000000f8e80000,0x00000000f8e80000,0x00000000fc580000)
 ParOldGen       total 348160K, used 64035K [0x0000000080000000, 0x0000000095400000, 0x00000000d5580000)
  object space 348160K, 18% used [0x0000000080000000,0x0000000083e88df0,0x0000000095400000)
 Metaspace       used 111067K, capacity 116126K, committed 116376K, reserved 1150976K
  class space    used 14137K, capacity 15161K, committed 15280K, reserved 1048576K
Event: 206.833 GC heap after
Heap after GC invocations=33 (full 4):
 PSYoungGen      total 638976K, used 33092K [0x00000000d5580000, 0x0000000100000000, 0x0000000100000000)
  eden space 582656K, 0% used [0x00000000d5580000,0x00000000d5580000,0x00000000f8e80000)
  from space 56320K, 58% used [0x00000000f8e80000,0x00000000faed1110,0x00000000fc580000)
  to   space 56320K, 0% used [0x00000000fc900000,0x00000000fc900000,0x0000000100000000)
 ParOldGen       total 348160K, used 66098K [0x0000000080000000, 0x0000000095400000, 0x00000000d5580000)
  object space 348160K, 18% used [0x0000000080000000,0x000000008408ca48,0x0000000095400000)
 Metaspace       used 111067K, capacity 116126K, committed 116376K, reserved 1150976K
  class space    used 14137K, capacity 15161K, committed 15280K, reserved 1048576K
}
Event: 208.109 GC heap before
{Heap before GC invocations=34 (full 4):
 PSYoungGen      total 638976K, used 615748K [0x00000000d5580000, 0x0000000100000000, 0x0000000100000000)
  eden space 582656K, 100% used [0x00000000d5580000,0x00000000f8e80000,0x00000000f8e80000)
  from space 56320K, 58% used [0x00000000f8e80000,0x00000000faed1110,0x00000000fc580000)
  to   space 56320K, 0% used [0x00000000fc900000,0x00000000fc900000,0x0000000100000000)
 ParOldGen       total 348160K, used 66098K [0x0000000080000000, 0x0000000095400000, 0x00000000d5580000)
  object space 348160K, 18% used [0x0000000080000000,0x000000008408ca48,0x0000000095400000)
 Metaspace       used 111165K, capacity 116220K, committed 116376K, reserved 1150976K
  class space    used 14139K, capacity 15164K, committed 15280K, reserved 1048576K
Event: 208.171 GC heap after
Heap after GC invocations=34 (full 4):
 PSYoungGen      total 637440K, used 22889K [0x00000000d5580000, 0x00000000ffb00000, 0x0000000100000000)
  eden space 586240K, 0% used [0x00000000d5580000,0x00000000d5580000,0x00000000f9200000)
  from space 51200K, 44% used [0x00000000fc900000,0x00000000fdf5a620,0x00000000ffb00000)
  to   space 53760K, 0% used [0x00000000f9200000,0x00000000f9200000,0x00000000fc680000)
 ParOldGen       total 348160K, used 77189K [0x0000000080000000, 0x0000000095400000, 0x00000000d5580000)
  object space 348160K, 22% used [0x0000000080000000,0x0000000084b617d0,0x0000000095400000)
 Metaspace       used 111165K, capacity 116220K, committed 116376K, reserved 1150976K
  class space    used 14139K, capacity 15164K, committed 15280K, reserved 1048576K
}
Event: 209.800 GC heap before
{Heap before GC invocations=35 (full 4):
 PSYoungGen      total 637440K, used 609129K [0x00000000d5580000, 0x00000000ffb00000, 0x0000000100000000)
  eden space 586240K, 100% used [0x00000000d5580000,0x00000000f9200000,0x00000000f9200000)
  from space 51200K, 44% used [0x00000000fc900000,0x00000000fdf5a620,0x00000000ffb00000)
  to   space 53760K, 0% used [0x00000000f9200000,0x00000000f9200000,0x00000000fc680000)
 ParOldGen       total 348160K, used 77189K [0x0000000080000000, 0x0000000095400000, 0x00000000d5580000)
  object space 348160K, 22% used [0x0000000080000000,0x0000000084b617d0,0x0000000095400000)
 Metaspace       used 111263K, capacity 116322K, committed 116632K, reserved 1150976K
  class space    used 14146K, capacity 15169K, committed 15280K, reserved 1048576K
Event: 209.824 GC heap after
Heap after GC invocations=35 (full 4):
 PSYoungGen      total 640000K, used 15700K [0x00000000d5580000, 0x0000000100000000, 0x0000000100000000)
  eden space 586240K, 0% used [0x00000000d5580000,0x00000000d5580000,0x00000000f9200000)
  from space 53760K, 29% used [0x00000000f9200000,0x00000000fa1552c0,0x00000000fc680000)
  to   space 52736K, 0% used [0x00000000fcc80000,0x00000000fcc80000,0x0000000100000000)
 ParOldGen       total 348160K, used 77477K [0x0000000080000000, 0x0000000095400000, 0x00000000d5580000)
  object space 348160K, 22% used [0x0000000080000000,0x0000000084ba97d0,0x0000000095400000)
 Metaspace       used 111263K, capacity 116322K, committed 116632K, reserved 1150976K
  class space    used 14146K, capacity 15169K, committed 15280K, reserved 1048576K
}
Event: 211.913 GC heap before
{Heap before GC invocations=36 (full 4):
 PSYoungGen      total 640000K, used 601940K [0x00000000d5580000, 0x0000000100000000, 0x0000000100000000)
  eden space 586240K, 100% used [0x00000000d5580000,0x00000000f9200000,0x00000000f9200000)
  from space 53760K, 29% used [0x00000000f9200000,0x00000000fa1552c0,0x00000000fc680000)
  to   space 52736K, 0% used [0x00000000fcc80000,0x00000000fcc80000,0x0000000100000000)
 ParOldGen       total 348160K, used 77477K [0x0000000080000000, 0x0000000095400000, 0x00000000d5580000)
  object space 348160K, 22% used [0x0000000080000000,0x0000000084ba97d0,0x0000000095400000)
 Metaspace       used 111279K, capacity 116328K, committed 116632K, reserved 1150976K
  class space    used 14146K, capacity 15170K, committed 15280K, reserved 1048576K
Event: 211.968 GC heap after
Heap after GC invocations=36 (full 4):
 PSYoungGen      total 644096K, used 9828K [0x00000000d5580000, 0x00000000fff00000, 0x0000000100000000)
  eden space 592384K, 0% used [0x00000000d5580000,0x00000000d5580000,0x00000000f9800000)
  from space 51712K, 19% used [0x00000000fcc80000,0x00000000fd619178,0x00000000fff00000)
  to   space 52736K, 0% used [0x00000000f9800000,0x00000000f9800000,0x00000000fcb80000)
 ParOldGen       total 348160K, used 77805K [0x0000000080000000, 0x0000000095400000, 0x00000000d5580000)
  object space 348160K, 22% used [0x0000000080000000,0x0000000084bfb7e0,0x0000000095400000)
 Metaspace       used 111279K, capacity 116328K, committed 116632K, reserved 1150976K
  class space    used 14146K, capacity 15170K, committed 15280K, reserved 1048576K
}

